L 03/28/2025 - 01:12:29: SourceMod error session started
L 03/28/2025 - 01:12:29: Info (map "nt_grid_ctg_b2") (file "c:\servers\eurotokyo\NeotokyoSource\addons\sourcemod\logs\errors_20250328.log")
L 03/28/2025 - 01:12:29: [websocket.smx] Can't find the Key in the http protocol upgrade request.
L 03/28/2025 - 07:54:29: [websocket.smx] Can't find the Key in the http protocol upgrade request.
L 03/28/2025 - 12:39:11: [websocket.smx] Can't find the Key in the http protocol upgrade request.
L 03/28/2025 - 19:17:58: SourceMod error session started
L 03/28/2025 - 19:17:58: Info (map "nt_oliostain_ctg_b3f5") (file "c:\servers\eurotokyo\NeotokyoSource\addons\sourcemod\logs\errors_20250328.log")
L 03/28/2025 - 19:17:58: [SM] Exception reported: Client 10 is not in game
L 03/28/2025 - 19:17:58: [SM] Blaming: nt_comp_xp_printer.smx
L 03/28/2025 - 19:17:58: [SM] Call stack trace:
L 03/28/2025 - 19:17:58: [SM]   [0] GetClientFrags
L 03/28/2025 - 19:17:58: [SM]   [1] Line 139, M:\Server Files\scripting\include\neotokyo.inc::GetPlayerXP
L 03/28/2025 - 19:17:58: [SM]   [2] Line 18, nt_comp_xp_printer.sp::OnClientDisconnect
L 03/28/2025 - 19:17:58: [SM] Exception reported: Entity -1 (-1) is invalid
L 03/28/2025 - 19:17:58: [SM] Blaming: nt_anti_ghosthop.smx
L 03/28/2025 - 19:17:58: [SM] Call stack trace:
L 03/28/2025 - 19:17:58: [SM]   [0] GetEntPropString
L 03/28/2025 - 19:17:58: [SM]   [1] Line 768, entity::GetEntityClassname
L 03/28/2025 - 19:17:58: [SM]   [2] Line 225, nt_anti_ghosthop.sp::IsGhost
L 03/28/2025 - 19:17:58: [SM]   [3] Line 234, nt_anti_ghosthop.sp::OnEntityDestroyed
L 03/28/2025 - 19:17:58: [SM] Exception reported: Client 11 is not in game
L 03/28/2025 - 19:17:58: [SM] Blaming: nt_comp_xp_printer.smx
L 03/28/2025 - 19:17:58: [SM] Call stack trace:
L 03/28/2025 - 19:17:58: [SM]   [0] GetClientFrags
L 03/28/2025 - 19:17:58: [SM]   [1] Line 139, M:\Server Files\scripting\include\neotokyo.inc::GetPlayerXP
L 03/28/2025 - 19:17:58: [SM]   [2] Line 18, nt_comp_xp_printer.sp::OnClientDisconnect
L 03/28/2025 - 19:17:58: [SM] Exception reported: Entity -1 (-1) is invalid
L 03/28/2025 - 19:17:58: [SM] Blaming: nt_anti_ghosthop.smx
L 03/28/2025 - 19:17:58: [SM] Call stack trace:
L 03/28/2025 - 19:17:58: [SM]   [0] GetEntPropString
L 03/28/2025 - 19:17:58: [SM]   [1] Line 768, entity::GetEntityClassname
L 03/28/2025 - 19:17:58: [SM]   [2] Line 225, nt_anti_ghosthop.sp::IsGhost
L 03/28/2025 - 19:17:58: [SM]   [3] Line 234, nt_anti_ghosthop.sp::OnEntityDestroyed
L 03/28/2025 - 19:18:00: Error log file session closed.
L 03/28/2025 - 19:29:56: SourceMod error session started
L 03/28/2025 - 19:29:56: Info (map "nt_saitama_redux_ctg_a14_c") (file "c:\servers\eurotokyo\NeotokyoSource\addons\sourcemod\logs\errors_20250328.log")
L 03/28/2025 - 19:29:56: [SM] Exception reported: Client 11 is not connected
L 03/28/2025 - 19:29:56: [SM] Blaming: 123.smx
L 03/28/2025 - 19:29:56: [SM] Call stack trace:
L 03/28/2025 - 19:29:56: [SM]   [0] IsFakeClient
L 03/28/2025 - 19:29:56: [SM]   [1] Line 472, M:\Server Files\scripting\123.sp::OnClientDisconnect_Post
L 03/28/2025 - 19:31:41: [SM] Exception reported: Client 10 is not connected
L 03/28/2025 - 19:31:41: [SM] Blaming: 123.smx
L 03/28/2025 - 19:31:41: [SM] Call stack trace:
L 03/28/2025 - 19:31:41: [SM]   [0] IsFakeClient
L 03/28/2025 - 19:31:41: [SM]   [1] Line 472, M:\Server Files\scripting\123.sp::OnClientDisconnect_Post
L 03/28/2025 - 19:44:07: [SM] Exception reported: Client 4 is not connected
L 03/28/2025 - 19:44:07: [SM] Blaming: 123.smx
L 03/28/2025 - 19:44:07: [SM] Call stack trace:
L 03/28/2025 - 19:44:07: [SM]   [0] IsFakeClient
L 03/28/2025 - 19:44:07: [SM]   [1] Line 472, M:\Server Files\scripting\123.sp::OnClientDisconnect_Post
L 03/28/2025 - 19:44:47: [SM] Exception reported: Client 12 is not connected
L 03/28/2025 - 19:44:47: [SM] Blaming: 123.smx
L 03/28/2025 - 19:44:47: [SM] Call stack trace:
L 03/28/2025 - 19:44:47: [SM]   [0] IsFakeClient
L 03/28/2025 - 19:44:47: [SM]   [1] Line 472, M:\Server Files\scripting\123.sp::OnClientDisconnect_Post
L 03/28/2025 - 19:47:30: [SM] Exception reported: Client 4 is not connected
L 03/28/2025 - 19:47:30: [SM] Blaming: 123.smx
L 03/28/2025 - 19:47:30: [SM] Call stack trace:
L 03/28/2025 - 19:47:30: [SM]   [0] IsFakeClient
L 03/28/2025 - 19:47:30: [SM]   [1] Line 472, M:\Server Files\scripting\123.sp::OnClientDisconnect_Post
L 03/28/2025 - 20:00:00: Error log file session closed.
L 03/28/2025 - 20:01:46: SourceMod error session started
L 03/28/2025 - 20:01:46: Info (map "nt_envoy_ctg") (file "c:\servers\eurotokyo\NeotokyoSource\addons\sourcemod\logs\errors_20250328.log")
L 03/28/2025 - 20:01:46: [SM] Exception reported: Client 9 is not connected
L 03/28/2025 - 20:01:46: [SM] Blaming: 123.smx
L 03/28/2025 - 20:01:46: [SM] Call stack trace:
L 03/28/2025 - 20:01:46: [SM]   [0] IsFakeClient
L 03/28/2025 - 20:01:46: [SM]   [1] Line 474, M:\Server Files\scripting\123.sp::OnClientDisconnect_Post
L 03/28/2025 - 20:08:18: Console detour tried to unhook command "sm_dump_handles" but it wasn't found
L 03/28/2025 - 20:08:18: Console detour tried to unhook command "sm" but it wasn't found
L 03/28/2025 - 20:08:18: Console detour tried to unhook command "sm_dump_admcache" but it wasn't found
L 03/28/2025 - 20:08:18: Console detour tried to unhook command "sm_reload_databases" but it wasn't found
L 03/28/2025 - 20:08:18: Console detour tried to unhook command "sm_reload_translations" but it wasn't found
L 03/28/2025 - 20:08:18: Error log file session closed.
L 03/28/2025 - 20:28:34: SourceMod error session started
L 03/28/2025 - 20:28:34: Info (map "nt_snowfall_ctg_b12") (file "c:\servers\eurotokyo\NeotokyoSource\addons\sourcemod\logs\errors_20250328.log")
L 03/28/2025 - 20:28:34: [SM] Exception reported: Client 2 is not connected
L 03/28/2025 - 20:28:34: [SM] Blaming: 123.smx
L 03/28/2025 - 20:28:34: [SM] Call stack trace:
L 03/28/2025 - 20:28:34: [SM]   [0] IsFakeClient
L 03/28/2025 - 20:28:34: [SM]   [1] Line 474, M:\Server Files\scripting\123.sp::OnClientDisconnect_Post
L 03/28/2025 - 20:36:57: Error log file session closed.
L 03/28/2025 - 21:10:22: SourceMod error session started
L 03/28/2025 - 21:10:22: Info (map "nt_culvert_ctg_b4") (file "c:\servers\eurotokyo\NeotokyoSource\addons\sourcemod\logs\errors_20250328.log")
L 03/28/2025 - 21:10:22: [SM] Exception reported: Client 12 is not connected
L 03/28/2025 - 21:10:22: [SM] Blaming: 123.smx
L 03/28/2025 - 21:10:22: [SM] Call stack trace:
L 03/28/2025 - 21:10:22: [SM]   [0] IsFakeClient
L 03/28/2025 - 21:10:22: [SM]   [1] Line 474, M:\Server Files\scripting\123.sp::OnClientDisconnect_Post
L 03/29/2025 - 02:07:31: Error log file session closed.
