L 03/15/2025 - 00:28:08: SourceMod error session started
L 03/15/2025 - 00:28:08: Info (map "nt_dawn_ctg") (file "c:\servers\eurotokyo\NeotokyoSource\addons\sourcemod\logs\errors_20250315.log")
L 03/15/2025 - 00:28:08: [websocket.smx] Can't find the Key in the http protocol upgrade request.
L 03/15/2025 - 08:04:18: [websocket.smx] Can't find the Key in the http protocol upgrade request.
L 03/15/2025 - 08:04:29: [websocket.smx] Can't find the Key in the http protocol upgrade request.
L 03/15/2025 - 08:04:29: [websocket.smx] Can't find the Key in the http protocol upgrade request.
L 03/15/2025 - 08:04:29: [websocket.smx] Can't find the Key in the http protocol upgrade request.
L 03/15/2025 - 08:04:30: [websocket.smx] Can't find the Key in the http protocol upgrade request.
L 03/15/2025 - 08:04:30: [websocket.smx] Can't find the Key in the http protocol upgrade request.
L 03/15/2025 - 14:00:07: SourceMod error session started
L 03/15/2025 - 14:00:07: Info (map "nt_dawn_ctg") (file "c:\servers\eurotokyo\NeotokyoSource\addons\sourcemod\logs\errors_20250315.log")
L 03/15/2025 - 14:00:07: [SM] Failed to load plugin "nt_flashbang.smx": Unable to load plugin (unsupported feature set; code is too new).
L 03/15/2025 - 20:45:43: [websocket.smx] Can't find the Key in the http protocol upgrade request.
L 03/15/2025 - 23:04:31: Console detour tried to unhook command "sm_dump_handles" but it wasn't found
L 03/15/2025 - 23:04:31: Console detour tried to unhook command "sm" but it wasn't found
L 03/15/2025 - 23:04:31: Console detour tried to unhook command "sm_dump_admcache" but it wasn't found
L 03/15/2025 - 23:04:31: Console detour tried to unhook command "sm_reload_databases" but it wasn't found
L 03/15/2025 - 23:04:31: Console detour tried to unhook command "sm_reload_translations" but it wasn't found
L 03/15/2025 - 23:04:31: Error log file session closed.
L 03/15/2025 - 23:04:34: SourceMod error session started
L 03/15/2025 - 23:04:34: Info (map "nt_dawn_ctg") (file "c:\servers\eurotokyo\NeotokyoSource\addons\sourcemod\logs\errors_20250315.log")
L 03/15/2025 - 23:04:34: [SM] Failed to load plugin "nt_flashbang.smx": Unable to load plugin (unsupported feature set; code is too new).
L 03/15/2025 - 23:14:31: Error log file session closed.
L 03/15/2025 - 23:14:31: SourceMod error session started
L 03/15/2025 - 23:14:31: Info (map "nt_sprint_bhop_b2") (file "c:\servers\eurotokyo\NeotokyoSource\addons\sourcemod\logs\errors_20250315.log")
L 03/15/2025 - 23:14:31: [SM] Failed to load plugin "nt_flashbang.smx": Unable to load plugin (unsupported feature set; code is too new).
L 03/15/2025 - 23:25:52: Error log file session closed.
L 03/15/2025 - 23:25:52: SourceMod error session started
L 03/15/2025 - 23:25:52: Info (map "nt_sprint_bhop_b2") (file "c:\servers\eurotokyo\NeotokyoSource\addons\sourcemod\logs\errors_20250315.log")
L 03/15/2025 - 23:25:52: [SM] Failed to load plugin "nt_flashbang.smx": Unable to load plugin (unsupported feature set; code is too new).
L 03/15/2025 - 23:31:43: [SM] Exception reported: Client 4 is not in game
L 03/15/2025 - 23:31:43: [SM] Blaming: nt_comp_xp_printer.smx
L 03/15/2025 - 23:31:43: [SM] Call stack trace:
L 03/15/2025 - 23:31:43: [SM]   [0] GetClientFrags
L 03/15/2025 - 23:31:43: [SM]   [1] Line 139, M:\Server Files\scripting\include\neotokyo.inc::GetPlayerXP
L 03/15/2025 - 23:31:43: [SM]   [2] Line 18, nt_comp_xp_printer.sp::OnClientDisconnect
L 03/15/2025 - 23:31:43: [SM] Exception reported: Entity -1 (-1) is invalid
L 03/15/2025 - 23:31:43: [SM] Blaming: nt_anti_ghosthop.smx
L 03/15/2025 - 23:31:43: [SM] Call stack trace:
L 03/15/2025 - 23:31:43: [SM]   [0] GetEntPropString
L 03/15/2025 - 23:31:43: [SM]   [1] Line 768, entity::GetEntityClassname
L 03/15/2025 - 23:31:43: [SM]   [2] Line 225, nt_anti_ghosthop.sp::IsGhost
L 03/15/2025 - 23:31:43: [SM]   [3] Line 234, nt_anti_ghosthop.sp::OnEntityDestroyed
L 03/15/2025 - 23:31:44: Error log file session closed.
L 03/15/2025 - 23:31:44: SourceMod error session started
L 03/15/2025 - 23:31:44: Info (map "nt_envoy_ctg") (file "c:\servers\eurotokyo\NeotokyoSource\addons\sourcemod\logs\errors_20250315.log")
L 03/15/2025 - 23:31:44: [SM] Failed to load plugin "nt_flashbang.smx": Unable to load plugin (unsupported feature set; code is too new).
L 03/15/2025 - 23:33:31: [SM] Exception reported: Array index out-of-bounds (index -1, limit 4)
L 03/15/2025 - 23:33:31: [SM] Blaming: nt_competitive.smx
L 03/15/2025 - 23:33:31: [SM] Call stack trace:
L 03/15/2025 - 23:33:31: [SM]   [1] Line 417, nt_competitive.sp::Command_JoinTeam
L 03/15/2025 - 23:36:07: [SM] Exception reported: Client 15 is not in game
L 03/15/2025 - 23:36:07: [SM] Blaming: nt_comp_xp_printer.smx
L 03/15/2025 - 23:36:07: [SM] Call stack trace:
L 03/15/2025 - 23:36:07: [SM]   [0] GetClientFrags
L 03/15/2025 - 23:36:07: [SM]   [1] Line 139, M:\Server Files\scripting\include\neotokyo.inc::GetPlayerXP
L 03/15/2025 - 23:36:07: [SM]   [2] Line 18, nt_comp_xp_printer.sp::OnClientDisconnect
L 03/15/2025 - 23:36:07: [SM] Exception reported: Entity -1 (-1) is invalid
L 03/15/2025 - 23:36:07: [SM] Blaming: nt_anti_ghosthop.smx
L 03/15/2025 - 23:36:07: [SM] Call stack trace:
L 03/15/2025 - 23:36:07: [SM]   [0] GetEntPropString
L 03/15/2025 - 23:36:07: [SM]   [1] Line 768, entity::GetEntityClassname
L 03/15/2025 - 23:36:07: [SM]   [2] Line 225, nt_anti_ghosthop.sp::IsGhost
L 03/15/2025 - 23:36:07: [SM]   [3] Line 234, nt_anti_ghosthop.sp::OnEntityDestroyed
L 03/15/2025 - 23:36:07: Error log file session closed.
L 03/15/2025 - 23:36:07: SourceMod error session started
L 03/15/2025 - 23:36:07: Info (map "nt_tetsu_ctg_b6f") (file "c:\servers\eurotokyo\NeotokyoSource\addons\sourcemod\logs\errors_20250315.log")
L 03/15/2025 - 23:36:07: [SM] Failed to load plugin "nt_flashbang.smx": Unable to load plugin (unsupported feature set; code is too new).
L 03/15/2025 - 23:37:56: [SM] Exception reported: Array index out-of-bounds (index -1, limit 4)
L 03/15/2025 - 23:37:56: [SM] Blaming: nt_competitive.smx
L 03/15/2025 - 23:37:56: [SM] Call stack trace:
L 03/15/2025 - 23:37:56: [SM]   [1] Line 417, nt_competitive.sp::Command_JoinTeam
L 03/16/2025 - 00:00:17: Error log file session closed.
