L 03/30/2025 - 03:59:41: SourceMod error session started
L 03/30/2025 - 03:59:41: Info (map "nt_ballistremade_ctg_a20") (file "c:\servers\eurotokyo\NeotokyoSource\addons\sourcemod\logs\errors_20250330.log")
L 03/30/2025 - 03:59:41: [websocket.smx] Can't find the Key in the http protocol upgrade request.
L 03/30/2025 - 05:45:21: Console detour tried to unhook command "sm_dump_handles" but it wasn't found
L 03/30/2025 - 05:45:21: Console detour tried to unhook command "sm" but it wasn't found
L 03/30/2025 - 05:45:21: Console detour tried to unhook command "sm_dump_admcache" but it wasn't found
L 03/30/2025 - 05:45:21: Console detour tried to unhook command "sm_reload_databases" but it wasn't found
L 03/30/2025 - 05:45:21: Console detour tried to unhook command "sm_reload_translations" but it wasn't found
L 03/30/2025 - 05:45:21: Error log file session closed.
L 03/30/2025 - 06:27:34: SourceMod error session started
L 03/30/2025 - 06:27:34: Info (map "nt_rise_ctg_dennov3") (file "c:\servers\eurotokyo\NeotokyoSource\addons\sourcemod\logs\errors_20250330.log")
L 03/30/2025 - 06:27:34: Console detour tried to unhook command "sm_dump_handles" but it wasn't found
L 03/30/2025 - 06:27:34: Console detour tried to unhook command "sm" but it wasn't found
L 03/30/2025 - 06:27:34: Console detour tried to unhook command "sm_dump_admcache" but it wasn't found
L 03/30/2025 - 06:27:34: Console detour tried to unhook command "sm_reload_databases" but it wasn't found
L 03/30/2025 - 06:27:34: Console detour tried to unhook command "sm_reload_translations" but it wasn't found
L 03/30/2025 - 06:27:34: Error log file session closed.
L 03/30/2025 - 06:43:44: SourceMod error session started
L 03/30/2025 - 06:43:44: Info (map "nt_dawn_ctg") (file "c:\servers\eurotokyo\NeotokyoSource\addons\sourcemod\logs\errors_20250330.log")
L 03/30/2025 - 06:43:44: Console detour tried to unhook command "sm_dump_handles" but it wasn't found
L 03/30/2025 - 06:43:44: Console detour tried to unhook command "sm" but it wasn't found
L 03/30/2025 - 06:43:44: Console detour tried to unhook command "sm_dump_admcache" but it wasn't found
L 03/30/2025 - 06:43:44: Console detour tried to unhook command "sm_reload_databases" but it wasn't found
L 03/30/2025 - 06:43:44: Console detour tried to unhook command "sm_reload_translations" but it wasn't found
L 03/30/2025 - 06:43:44: Error log file session closed.
L 03/30/2025 - 07:11:53: SourceMod error session started
L 03/30/2025 - 07:11:53: Info (map "nt_ghost_ctg") (file "c:\servers\eurotokyo\NeotokyoSource\addons\sourcemod\logs\errors_20250330.log")
L 03/30/2025 - 07:11:53: Console detour tried to unhook command "sm_dump_handles" but it wasn't found
L 03/30/2025 - 07:11:53: Console detour tried to unhook command "sm" but it wasn't found
L 03/30/2025 - 07:11:53: Console detour tried to unhook command "sm_dump_admcache" but it wasn't found
L 03/30/2025 - 07:11:53: Console detour tried to unhook command "sm_reload_databases" but it wasn't found
L 03/30/2025 - 07:11:53: Console detour tried to unhook command "sm_reload_translations" but it wasn't found
L 03/30/2025 - 07:11:53: Error log file session closed.
L 03/30/2025 - 07:13:01: SourceMod error session started
L 03/30/2025 - 07:13:01: Info (map "nt_dawn_ctg") (file "c:\servers\eurotokyo\NeotokyoSource\addons\sourcemod\logs\errors_20250330.log")
L 03/30/2025 - 07:13:01: Console detour tried to unhook command "sm_dump_handles" but it wasn't found
L 03/30/2025 - 07:13:01: Console detour tried to unhook command "sm" but it wasn't found
L 03/30/2025 - 07:13:01: Console detour tried to unhook command "sm_dump_admcache" but it wasn't found
L 03/30/2025 - 07:13:01: Console detour tried to unhook command "sm_reload_databases" but it wasn't found
L 03/30/2025 - 07:13:01: Console detour tried to unhook command "sm_reload_translations" but it wasn't found
L 03/30/2025 - 07:13:01: Error log file session closed.
L 03/30/2025 - 07:21:22: SourceMod error session started
L 03/30/2025 - 07:21:22: Info (map "nt_dawn_ctg") (file "c:\servers\eurotokyo\NeotokyoSource\addons\sourcemod\logs\errors_20250330.log")
L 03/30/2025 - 07:21:22: Console detour tried to unhook command "sm_dump_handles" but it wasn't found
L 03/30/2025 - 07:21:22: Console detour tried to unhook command "sm" but it wasn't found
L 03/30/2025 - 07:21:22: Console detour tried to unhook command "sm_dump_admcache" but it wasn't found
L 03/30/2025 - 07:21:22: Console detour tried to unhook command "sm_reload_databases" but it wasn't found
L 03/30/2025 - 07:21:22: Console detour tried to unhook command "sm_reload_translations" but it wasn't found
L 03/30/2025 - 07:21:22: Error log file session closed.
L 03/30/2025 - 07:27:07: SourceMod error session started
L 03/30/2025 - 07:27:07: Info (map "nt_culvert_ctg_b4") (file "c:\servers\eurotokyo\NeotokyoSource\addons\sourcemod\logs\errors_20250330.log")
L 03/30/2025 - 07:27:07: Console detour tried to unhook command "sm_dump_handles" but it wasn't found
L 03/30/2025 - 07:27:07: Console detour tried to unhook command "sm" but it wasn't found
L 03/30/2025 - 07:27:07: Console detour tried to unhook command "sm_dump_admcache" but it wasn't found
L 03/30/2025 - 07:27:07: Console detour tried to unhook command "sm_reload_databases" but it wasn't found
L 03/30/2025 - 07:27:07: Console detour tried to unhook command "sm_reload_translations" but it wasn't found
L 03/30/2025 - 07:27:07: Error log file session closed.
L 03/30/2025 - 21:08:12: SourceMod error session started
L 03/30/2025 - 21:08:12: Info (map "nt_dawn_ctg") (file "c:\servers\eurotokyo\NeotokyoSource\addons\sourcemod\logs\errors_20250330.log")
L 03/30/2025 - 21:08:12: Console detour tried to unhook command "sm_dump_handles" but it wasn't found
L 03/30/2025 - 21:08:12: Console detour tried to unhook command "sm" but it wasn't found
L 03/30/2025 - 21:08:12: Console detour tried to unhook command "sm_dump_admcache" but it wasn't found
L 03/30/2025 - 21:08:12: Console detour tried to unhook command "sm_reload_databases" but it wasn't found
L 03/30/2025 - 21:08:12: Console detour tried to unhook command "sm_reload_translations" but it wasn't found
L 03/30/2025 - 21:08:12: Error log file session closed.
L 03/30/2025 - 21:17:27: SourceMod error session started
L 03/30/2025 - 21:17:27: Info (map "nt_tetsu_ctg_b7_proto_v2") (file "c:\servers\eurotokyo\NeotokyoSource\addons\sourcemod\logs\errors_20250330.log")
L 03/30/2025 - 21:17:27: [SM] Exception reported: Client 8 is not in game
L 03/30/2025 - 21:17:27: [SM] Blaming: nt_comp_xp_printer.smx
L 03/30/2025 - 21:17:27: [SM] Call stack trace:
L 03/30/2025 - 21:17:27: [SM]   [0] GetClientFrags
L 03/30/2025 - 21:17:27: [SM]   [1] Line 139, M:\Server Files\scripting\include\neotokyo.inc::GetPlayerXP
L 03/30/2025 - 21:17:27: [SM]   [2] Line 18, nt_comp_xp_printer.sp::OnClientDisconnect
L 03/30/2025 - 21:17:27: [SM] Exception reported: Entity -1 (-1) is invalid
L 03/30/2025 - 21:17:27: [SM] Blaming: nt_anti_ghosthop.smx
L 03/30/2025 - 21:17:27: [SM] Call stack trace:
L 03/30/2025 - 21:17:27: [SM]   [0] GetEntPropString
L 03/30/2025 - 21:17:27: [SM]   [1] Line 768, entity::GetEntityClassname
L 03/30/2025 - 21:17:27: [SM]   [2] Line 225, nt_anti_ghosthop.sp::IsGhost
L 03/30/2025 - 21:17:27: [SM]   [3] Line 234, nt_anti_ghosthop.sp::OnEntityDestroyed
L 03/30/2025 - 21:43:07: [SM] Exception reported: Client 6 is not connected
L 03/30/2025 - 21:43:07: [SM] Blaming: 123.smx
L 03/30/2025 - 21:43:07: [SM] Call stack trace:
L 03/30/2025 - 21:43:07: [SM]   [0] IsFakeClient
L 03/30/2025 - 21:43:07: [SM]   [1] Line 477, M:\Server Files\scripting\123.sp::OnClientDisconnect_Post
L 03/30/2025 - 21:43:14: [SM] Exception reported: Client 6 is not connected
L 03/30/2025 - 21:43:14: [SM] Blaming: 123.smx
L 03/30/2025 - 21:43:14: [SM] Call stack trace:
L 03/30/2025 - 21:43:14: [SM]   [0] IsFakeClient
L 03/30/2025 - 21:43:14: [SM]   [1] Line 477, M:\Server Files\scripting\123.sp::OnClientDisconnect_Post
L 03/30/2025 - 21:44:47: [SM] Exception reported: Client 6 is not connected
L 03/30/2025 - 21:44:47: [SM] Blaming: 123.smx
L 03/30/2025 - 21:44:47: [SM] Call stack trace:
L 03/30/2025 - 21:44:47: [SM]   [0] IsFakeClient
L 03/30/2025 - 21:44:47: [SM]   [1] Line 477, M:\Server Files\scripting\123.sp::OnClientDisconnect_Post
L 03/30/2025 - 21:44:54: [SM] Exception reported: Client 6 is not connected
L 03/30/2025 - 21:44:54: [SM] Blaming: 123.smx
L 03/30/2025 - 21:44:54: [SM] Call stack trace:
L 03/30/2025 - 21:44:54: [SM]   [0] IsFakeClient
L 03/30/2025 - 21:44:54: [SM]   [1] Line 477, M:\Server Files\scripting\123.sp::OnClientDisconnect_Post
L 03/30/2025 - 21:46:05: [SM] Exception reported: Client 8 is not connected
L 03/30/2025 - 21:46:05: [SM] Blaming: 123.smx
L 03/30/2025 - 21:46:05: [SM] Call stack trace:
L 03/30/2025 - 21:46:05: [SM]   [0] IsFakeClient
L 03/30/2025 - 21:46:05: [SM]   [1] Line 477, M:\Server Files\scripting\123.sp::OnClientDisconnect_Post
L 03/30/2025 - 21:48:16: Error log file session closed.
L 03/30/2025 - 22:02:25: SourceMod error session started
L 03/30/2025 - 22:02:25: Info (map "nt_safehouse_atk_a2") (file "c:\servers\eurotokyo\NeotokyoSource\addons\sourcemod\logs\errors_20250330.log")
L 03/30/2025 - 22:02:25: [SM] Exception reported: Client 4 is not connected
L 03/30/2025 - 22:02:25: [SM] Blaming: 123.smx
L 03/30/2025 - 22:02:25: [SM] Call stack trace:
L 03/30/2025 - 22:02:25: [SM]   [0] IsFakeClient
L 03/30/2025 - 22:02:25: [SM]   [1] Line 477, M:\Server Files\scripting\123.sp::OnClientDisconnect_Post
L 03/30/2025 - 22:10:33: [SM] Exception reported: Client 8 is not connected
L 03/30/2025 - 22:10:33: [SM] Blaming: 123.smx
L 03/30/2025 - 22:10:33: [SM] Call stack trace:
L 03/30/2025 - 22:10:33: [SM]   [0] IsFakeClient
L 03/30/2025 - 22:10:33: [SM]   [1] Line 477, M:\Server Files\scripting\123.sp::OnClientDisconnect_Post
L 03/30/2025 - 22:12:34: [SM] Exception reported: Client 5 is not connected
L 03/30/2025 - 22:12:34: [SM] Blaming: 123.smx
L 03/30/2025 - 22:12:34: [SM] Call stack trace:
L 03/30/2025 - 22:12:34: [SM]   [0] IsFakeClient
L 03/30/2025 - 22:12:34: [SM]   [1] Line 477, M:\Server Files\scripting\123.sp::OnClientDisconnect_Post
L 03/30/2025 - 22:15:52: Error log file session closed.
L 03/30/2025 - 22:16:07: SourceMod error session started
L 03/30/2025 - 22:16:07: Info (map "nt_ballistremade_ctg_a16") (file "c:\servers\eurotokyo\NeotokyoSource\addons\sourcemod\logs\errors_20250330.log")
L 03/30/2025 - 22:16:07: [SM] Exception reported: Client 2 is not in game
L 03/30/2025 - 22:16:07: [SM] Blaming: nt_comp_xp_printer.smx
L 03/30/2025 - 22:16:07: [SM] Call stack trace:
L 03/30/2025 - 22:16:07: [SM]   [0] GetClientFrags
L 03/30/2025 - 22:16:07: [SM]   [1] Line 139, M:\Server Files\scripting\include\neotokyo.inc::GetPlayerXP
L 03/30/2025 - 22:16:07: [SM]   [2] Line 18, nt_comp_xp_printer.sp::OnClientDisconnect
L 03/30/2025 - 22:16:07: [SM] Exception reported: Entity -1 (-1) is invalid
L 03/30/2025 - 22:16:07: [SM] Blaming: nt_anti_ghosthop.smx
L 03/30/2025 - 22:16:07: [SM] Call stack trace:
L 03/30/2025 - 22:16:07: [SM]   [0] GetEntPropString
L 03/30/2025 - 22:16:07: [SM]   [1] Line 768, entity::GetEntityClassname
L 03/30/2025 - 22:16:07: [SM]   [2] Line 225, nt_anti_ghosthop.sp::IsGhost
L 03/30/2025 - 22:16:07: [SM]   [3] Line 234, nt_anti_ghosthop.sp::OnEntityDestroyed
L 03/30/2025 - 22:17:11: Error log file session closed.
L 03/30/2025 - 23:28:26: SourceMod error session started
L 03/30/2025 - 23:28:26: Info (map "nt_ballistremade_ctg_a20") (file "c:\servers\eurotokyo\NeotokyoSource\addons\sourcemod\logs\errors_20250330.log")
L 03/30/2025 - 23:28:26: [websocket.smx] Can't find the Key in the http protocol upgrade request.
L 03/31/2025 - 03:54:36: Error log file session closed.
