L 03/11/2025 - 00:16:48: SourceMod error session started
L 03/11/2025 - 00:16:48: Info (map "nt_tetsu_ctg_b6f") (file "c:\servers\eurotokyo\NeotokyoSource\addons\sourcemod\logs\errors_20250311.log")
L 03/11/2025 - 00:16:48: [SM] Failed to load plugin "nt_flashbang.smx": Unable to load plugin (unsupported feature set; code is too new).
L 03/11/2025 - 00:25:50: [SM] Exception reported: Client 14 is not in game
L 03/11/2025 - 00:25:50: [SM] Blaming: nt_comp_xp_printer.smx
L 03/11/2025 - 00:25:50: [SM] Call stack trace:
L 03/11/2025 - 00:25:50: [SM]   [0] GetClientFrags
L 03/11/2025 - 00:25:50: [SM]   [1] Line 139, M:\Server Files\scripting\include\neotokyo.inc::GetPlayerXP
L 03/11/2025 - 00:25:50: [SM]   [2] Line 18, nt_comp_xp_printer.sp::OnClientDisconnect
L 03/11/2025 - 00:25:50: [SM] Exception reported: Entity -1 (-1) is invalid
L 03/11/2025 - 00:25:50: [SM] Blaming: nt_anti_ghosthop.smx
L 03/11/2025 - 00:25:50: [SM] Call stack trace:
L 03/11/2025 - 00:25:50: [SM]   [0] GetEntPropString
L 03/11/2025 - 00:25:50: [SM]   [1] Line 768, entity::GetEntityClassname
L 03/11/2025 - 00:25:50: [SM]   [2] Line 225, nt_anti_ghosthop.sp::IsGhost
L 03/11/2025 - 00:25:50: [SM]   [3] Line 234, nt_anti_ghosthop.sp::OnEntityDestroyed
L 03/11/2025 - 00:42:39: Error log file session closed.
L 03/11/2025 - 00:42:39: SourceMod error session started
L 03/11/2025 - 00:42:39: Info (map "nt_envoy_ctg") (file "c:\servers\eurotokyo\NeotokyoSource\addons\sourcemod\logs\errors_20250311.log")
L 03/11/2025 - 00:42:39: [SM] Failed to load plugin "nt_flashbang.smx": Unable to load plugin (unsupported feature set; code is too new).
L 03/11/2025 - 01:11:38: Error log file session closed.
L 03/11/2025 - 01:11:38: SourceMod error session started
L 03/11/2025 - 01:11:38: Info (map "nt_ballistremade_ctg_a16") (file "c:\servers\eurotokyo\NeotokyoSource\addons\sourcemod\logs\errors_20250311.log")
L 03/11/2025 - 01:11:38: [SM] Failed to load plugin "nt_flashbang.smx": Unable to load plugin (unsupported feature set; code is too new).
L 03/11/2025 - 01:15:22: Error log file session closed.
L 03/11/2025 - 01:15:22: SourceMod error session started
L 03/11/2025 - 01:15:22: Info (map "nt_ballistremade_ctg_a20") (file "c:\servers\eurotokyo\NeotokyoSource\addons\sourcemod\logs\errors_20250311.log")
L 03/11/2025 - 01:15:22: [SM] Failed to load plugin "nt_flashbang.smx": Unable to load plugin (unsupported feature set; code is too new).
L 03/11/2025 - 01:39:49: Error log file session closed.
L 03/11/2025 - 01:39:49: SourceMod error session started
L 03/11/2025 - 01:39:49: Info (map "nt_rise_ctg_dennov3") (file "c:\servers\eurotokyo\NeotokyoSource\addons\sourcemod\logs\errors_20250311.log")
L 03/11/2025 - 01:39:49: [SM] Failed to load plugin "nt_flashbang.smx": Unable to load plugin (unsupported feature set; code is too new).
L 03/11/2025 - 02:06:13: Error log file session closed.
L 03/11/2025 - 02:06:13: SourceMod error session started
L 03/11/2025 - 02:06:13: Info (map "nt_rogue_ctg_b4") (file "c:\servers\eurotokyo\NeotokyoSource\addons\sourcemod\logs\errors_20250311.log")
L 03/11/2025 - 02:06:13: [SM] Failed to load plugin "nt_flashbang.smx": Unable to load plugin (unsupported feature set; code is too new).
L 03/11/2025 - 02:28:36: Error log file session closed.
L 03/11/2025 - 02:28:36: SourceMod error session started
L 03/11/2025 - 02:28:36: Info (map "nt_snowfall_ctg_b12") (file "c:\servers\eurotokyo\NeotokyoSource\addons\sourcemod\logs\errors_20250311.log")
L 03/11/2025 - 02:28:36: [SM] Failed to load plugin "nt_flashbang.smx": Unable to load plugin (unsupported feature set; code is too new).
L 03/11/2025 - 02:55:28: Error log file session closed.
L 03/11/2025 - 02:55:28: SourceMod error session started
L 03/11/2025 - 02:55:28: Info (map "nt_redlight_ctg") (file "c:\servers\eurotokyo\NeotokyoSource\addons\sourcemod\logs\errors_20250311.log")
L 03/11/2025 - 02:55:28: [SM] Failed to load plugin "nt_flashbang.smx": Unable to load plugin (unsupported feature set; code is too new).
L 03/11/2025 - 12:24:40: [websocket.smx] Can't find the Key in the http protocol upgrade request.
L 03/11/2025 - 12:24:50: [websocket.smx] Can't find the Key in the http protocol upgrade request.
L 03/11/2025 - 12:24:50: [websocket.smx] Can't find the Key in the http protocol upgrade request.
L 03/11/2025 - 12:24:50: [websocket.smx] Can't find the Key in the http protocol upgrade request.
L 03/11/2025 - 12:24:50: [websocket.smx] Can't find the Key in the http protocol upgrade request.
L 03/11/2025 - 12:24:51: [websocket.smx] Can't find the Key in the http protocol upgrade request.
L 03/11/2025 - 14:00:04: SourceMod error session started
L 03/11/2025 - 14:00:04: Info (map "nt_dawn_ctg") (file "c:\servers\eurotokyo\NeotokyoSource\addons\sourcemod\logs\errors_20250311.log")
L 03/11/2025 - 14:00:04: [SM] Failed to load plugin "nt_flashbang.smx": Unable to load plugin (unsupported feature set; code is too new).
L 03/11/2025 - 17:58:43: [websocket.smx] Can't find the Key in the http protocol upgrade request.
