L 03/09/2025 - 01:01:58: SourceMod error session started
L 03/09/2025 - 01:01:58: Info (map "nt_grid_ctg_b2") (file "c:\servers\eurotokyo\NeotokyoSource\addons\sourcemod\logs\errors_20250309.log")
L 03/09/2025 - 01:01:58: [SM] Exception reported: Client 10 is not in game
L 03/09/2025 - 01:01:58: [SM] Blaming: nt_comp_xp_printer.smx
L 03/09/2025 - 01:01:58: [SM] Call stack trace:
L 03/09/2025 - 01:01:58: [SM]   [0] GetClientFrags
L 03/09/2025 - 01:01:58: [SM]   [1] Line 139, M:\Server Files\scripting\include\neotokyo.inc::GetPlayerXP
L 03/09/2025 - 01:01:58: [SM]   [2] Line 18, nt_comp_xp_printer.sp::OnClientDisconnect
L 03/09/2025 - 01:01:58: [SM] Exception reported: Entity -1 (-1) is invalid
L 03/09/2025 - 01:01:58: [SM] Blaming: nt_anti_ghosthop.smx
L 03/09/2025 - 01:01:58: [SM] Call stack trace:
L 03/09/2025 - 01:01:58: [SM]   [0] GetEntPropString
L 03/09/2025 - 01:01:58: [SM]   [1] Line 768, entity::GetEntityClassname
L 03/09/2025 - 01:01:58: [SM]   [2] Line 225, nt_anti_ghosthop.sp::IsGhost
L 03/09/2025 - 01:01:58: [SM]   [3] Line 234, nt_anti_ghosthop.sp::OnEntityDestroyed
L 03/09/2025 - 01:07:06: [websocket.smx] Can't find the Key in the http protocol upgrade request.
L 03/09/2025 - 01:45:41: Error log file session closed.
L 03/09/2025 - 19:53:40: SourceMod error session started
L 03/09/2025 - 19:53:40: Info (map "nt_dawn_ctg") (file "c:\servers\eurotokyo\NeotokyoSource\addons\sourcemod\logs\errors_20250309.log")
L 03/09/2025 - 19:53:40: [SM] Failed to load plugin "nt_flashbang.smx": Unable to load plugin (unsupported feature set; code is too new).
L 03/09/2025 - 19:56:20: Error log file session closed.
L 03/09/2025 - 19:56:20: SourceMod error session started
L 03/09/2025 - 19:56:20: Info (map "nt_dawn_ctg") (file "c:\servers\eurotokyo\NeotokyoSource\addons\sourcemod\logs\errors_20250309.log")
L 03/09/2025 - 19:56:20: [SM] Failed to load plugin "nt_flashbang.smx": Unable to load plugin (unsupported feature set; code is too new).
L 03/09/2025 - 20:00:52: Error log file session closed.
L 03/09/2025 - 20:00:52: SourceMod error session started
L 03/09/2025 - 20:00:52: Info (map "nt_tetsu_ctg_b6f") (file "c:\servers\eurotokyo\NeotokyoSource\addons\sourcemod\logs\errors_20250309.log")
L 03/09/2025 - 20:00:52: [SM] Failed to load plugin "nt_flashbang.smx": Unable to load plugin (unsupported feature set; code is too new).
L 03/09/2025 - 20:27:38: Error log file session closed.
L 03/09/2025 - 20:27:38: SourceMod error session started
L 03/09/2025 - 20:27:38: Info (map "nt_envoy_ctg") (file "c:\servers\eurotokyo\NeotokyoSource\addons\sourcemod\logs\errors_20250309.log")
L 03/09/2025 - 20:27:38: [SM] Failed to load plugin "nt_flashbang.smx": Unable to load plugin (unsupported feature set; code is too new).
L 03/09/2025 - 21:06:55: Error log file session closed.
L 03/09/2025 - 21:06:55: SourceMod error session started
L 03/09/2025 - 21:06:55: Info (map "nt_culvert_ctg_b4") (file "c:\servers\eurotokyo\NeotokyoSource\addons\sourcemod\logs\errors_20250309.log")
L 03/09/2025 - 21:06:55: [SM] Failed to load plugin "nt_flashbang.smx": Unable to load plugin (unsupported feature set; code is too new).
L 03/09/2025 - 21:07:00: [SM] Exception reported: Client 9 is not in game
L 03/09/2025 - 21:07:00: [SM] Blaming: nt_comp_xp_printer.smx
L 03/09/2025 - 21:07:00: [SM] Call stack trace:
L 03/09/2025 - 21:07:00: [SM]   [0] GetClientFrags
L 03/09/2025 - 21:07:00: [SM]   [1] Line 139, M:\Server Files\scripting\include\neotokyo.inc::GetPlayerXP
L 03/09/2025 - 21:07:00: [SM]   [2] Line 18, nt_comp_xp_printer.sp::OnClientDisconnect
L 03/09/2025 - 21:07:00: [SM] Exception reported: Entity -1 (-1) is invalid
L 03/09/2025 - 21:07:00: [SM] Blaming: nt_anti_ghosthop.smx
L 03/09/2025 - 21:07:00: [SM] Call stack trace:
L 03/09/2025 - 21:07:00: [SM]   [0] GetEntPropString
L 03/09/2025 - 21:07:00: [SM]   [1] Line 768, entity::GetEntityClassname
L 03/09/2025 - 21:07:00: [SM]   [2] Line 225, nt_anti_ghosthop.sp::IsGhost
L 03/09/2025 - 21:07:00: [SM]   [3] Line 234, nt_anti_ghosthop.sp::OnEntityDestroyed
L 03/09/2025 - 21:08:32: [SM] Exception reported: Client 7 is not in game
L 03/09/2025 - 21:08:32: [SM] Blaming: nt_comp_xp_printer.smx
L 03/09/2025 - 21:08:32: [SM] Call stack trace:
L 03/09/2025 - 21:08:32: [SM]   [0] GetClientFrags
L 03/09/2025 - 21:08:32: [SM]   [1] Line 139, M:\Server Files\scripting\include\neotokyo.inc::GetPlayerXP
L 03/09/2025 - 21:08:32: [SM]   [2] Line 18, nt_comp_xp_printer.sp::OnClientDisconnect
L 03/09/2025 - 21:08:32: [SM] Exception reported: Entity -1 (-1) is invalid
L 03/09/2025 - 21:08:32: [SM] Blaming: nt_anti_ghosthop.smx
L 03/09/2025 - 21:08:32: [SM] Call stack trace:
L 03/09/2025 - 21:08:32: [SM]   [0] GetEntPropString
L 03/09/2025 - 21:08:32: [SM]   [1] Line 768, entity::GetEntityClassname
L 03/09/2025 - 21:08:32: [SM]   [2] Line 225, nt_anti_ghosthop.sp::IsGhost
L 03/09/2025 - 21:08:32: [SM]   [3] Line 234, nt_anti_ghosthop.sp::OnEntityDestroyed
L 03/09/2025 - 22:53:36: [websocket.smx] Can't find the Key in the http protocol upgrade request.
L 03/09/2025 - 23:11:38: [SM] Exception reported: Client 10 is not in game
L 03/09/2025 - 23:11:38: [SM] Blaming: nt_comp_xp_printer.smx
L 03/09/2025 - 23:11:38: [SM] Call stack trace:
L 03/09/2025 - 23:11:38: [SM]   [0] GetClientFrags
L 03/09/2025 - 23:11:38: [SM]   [1] Line 139, M:\Server Files\scripting\include\neotokyo.inc::GetPlayerXP
L 03/09/2025 - 23:11:38: [SM]   [2] Line 18, nt_comp_xp_printer.sp::OnClientDisconnect
L 03/09/2025 - 23:11:38: [SM] Exception reported: Entity -1 (-1) is invalid
L 03/09/2025 - 23:11:38: [SM] Blaming: nt_anti_ghosthop.smx
L 03/09/2025 - 23:11:38: [SM] Call stack trace:
L 03/09/2025 - 23:11:38: [SM]   [0] GetEntPropString
L 03/09/2025 - 23:11:38: [SM]   [1] Line 768, entity::GetEntityClassname
L 03/09/2025 - 23:11:38: [SM]   [2] Line 225, nt_anti_ghosthop.sp::IsGhost
L 03/09/2025 - 23:11:38: [SM]   [3] Line 234, nt_anti_ghosthop.sp::OnEntityDestroyed
L 03/09/2025 - 23:12:49: [SM] Exception reported: Client 10 is not in game
L 03/09/2025 - 23:12:49: [SM] Blaming: nt_comp_xp_printer.smx
L 03/09/2025 - 23:12:49: [SM] Call stack trace:
L 03/09/2025 - 23:12:49: [SM]   [0] GetClientFrags
L 03/09/2025 - 23:12:49: [SM]   [1] Line 139, M:\Server Files\scripting\include\neotokyo.inc::GetPlayerXP
L 03/09/2025 - 23:12:49: [SM]   [2] Line 18, nt_comp_xp_printer.sp::OnClientDisconnect
L 03/09/2025 - 23:12:49: [SM] Exception reported: Entity -1 (-1) is invalid
L 03/09/2025 - 23:12:49: [SM] Blaming: nt_anti_ghosthop.smx
L 03/09/2025 - 23:12:49: [SM] Call stack trace:
L 03/09/2025 - 23:12:49: [SM]   [0] GetEntPropString
L 03/09/2025 - 23:12:49: [SM]   [1] Line 768, entity::GetEntityClassname
L 03/09/2025 - 23:12:49: [SM]   [2] Line 225, nt_anti_ghosthop.sp::IsGhost
L 03/09/2025 - 23:12:49: [SM]   [3] Line 234, nt_anti_ghosthop.sp::OnEntityDestroyed
L 03/09/2025 - 23:12:50: Error log file session closed.
L 03/09/2025 - 23:12:50: SourceMod error session started
L 03/09/2025 - 23:12:50: Info (map "nt_ballistremade_ctg_a16") (file "c:\servers\eurotokyo\NeotokyoSource\addons\sourcemod\logs\errors_20250309.log")
L 03/09/2025 - 23:12:50: [SM] Failed to load plugin "nt_flashbang.smx": Unable to load plugin (unsupported feature set; code is too new).
L 03/09/2025 - 23:13:36: [SM] Exception reported: Client 7 is not in game
L 03/09/2025 - 23:13:36: [SM] Blaming: nt_comp_xp_printer.smx
L 03/09/2025 - 23:13:36: [SM] Call stack trace:
L 03/09/2025 - 23:13:36: [SM]   [0] GetClientFrags
L 03/09/2025 - 23:13:36: [SM]   [1] Line 139, M:\Server Files\scripting\include\neotokyo.inc::GetPlayerXP
L 03/09/2025 - 23:13:36: [SM]   [2] Line 18, nt_comp_xp_printer.sp::OnClientDisconnect
L 03/09/2025 - 23:13:36: [SM] Exception reported: Entity -1 (-1) is invalid
L 03/09/2025 - 23:13:36: [SM] Blaming: nt_anti_ghosthop.smx
L 03/09/2025 - 23:13:36: [SM] Call stack trace:
L 03/09/2025 - 23:13:36: [SM]   [0] GetEntPropString
L 03/09/2025 - 23:13:36: [SM]   [1] Line 768, entity::GetEntityClassname
L 03/09/2025 - 23:13:36: [SM]   [2] Line 225, nt_anti_ghosthop.sp::IsGhost
L 03/09/2025 - 23:13:36: [SM]   [3] Line 234, nt_anti_ghosthop.sp::OnEntityDestroyed
L 03/09/2025 - 23:13:37: Error log file session closed.
L 03/09/2025 - 23:13:37: SourceMod error session started
L 03/09/2025 - 23:13:37: Info (map "nt_ballistremade_ctg_a20") (file "c:\servers\eurotokyo\NeotokyoSource\addons\sourcemod\logs\errors_20250309.log")
L 03/09/2025 - 23:13:37: [SM] Failed to load plugin "nt_flashbang.smx": Unable to load plugin (unsupported feature set; code is too new).
L 03/09/2025 - 23:51:00: Error log file session closed.
L 03/09/2025 - 23:51:00: SourceMod error session started
L 03/09/2025 - 23:51:00: Info (map "nt_snowfall_ctg_b12") (file "c:\servers\eurotokyo\NeotokyoSource\addons\sourcemod\logs\errors_20250309.log")
L 03/09/2025 - 23:51:00: [SM] Failed to load plugin "nt_flashbang.smx": Unable to load plugin (unsupported feature set; code is too new).
L 03/10/2025 - 00:26:44: Error log file session closed.
