L 03/18/2025 - 00:23:00: SourceMod error session started
L 03/18/2025 - 00:23:00: Info (map "nt_ghost_ctg") (file "c:\servers\eurotokyo\NeotokyoSource\addons\sourcemod\logs\errors_20250318.log")
L 03/18/2025 - 00:23:00: [SM] Failed to load plugin "nt_flashbang.smx": Unable to load plugin (unsupported feature set; code is too new).
L 03/18/2025 - 00:59:40: Console detour tried to unhook command "sm_dump_handles" but it wasn't found
L 03/18/2025 - 00:59:40: Console detour tried to unhook command "sm" but it wasn't found
L 03/18/2025 - 00:59:40: Console detour tried to unhook command "sm_dump_admcache" but it wasn't found
L 03/18/2025 - 00:59:40: Console detour tried to unhook command "sm_reload_databases" but it wasn't found
L 03/18/2025 - 00:59:40: Console detour tried to unhook command "sm_reload_translations" but it wasn't found
L 03/18/2025 - 00:59:40: Error log file session closed.
L 03/18/2025 - 00:59:48: SourceMod error session started
L 03/18/2025 - 00:59:48: Info (map "nt_dawn_ctg") (file "c:\servers\eurotokyo\NeotokyoSource\addons\sourcemod\logs\errors_20250318.log")
L 03/18/2025 - 00:59:48: [SM] Failed to load plugin "nt_flashbang.smx": Unable to load plugin (unsupported feature set; code is too new).
L 03/18/2025 - 01:05:38: [SM] Exception reported: Client index 0 is invalid
L 03/18/2025 - 01:05:38: [SM] Blaming: killtime_pub.smx
L 03/18/2025 - 01:05:38: [SM] Call stack trace:
L 03/18/2025 - 01:05:38: [SM]   [0] PrintToChat
L 03/18/2025 - 01:05:38: [SM]   [1] Line 120, killtime_pub.sp::OnPlayerHurt
L 03/18/2025 - 01:07:51: Error log file session closed.
L 03/18/2025 - 01:07:51: SourceMod error session started
L 03/18/2025 - 01:07:51: Info (map "nt_grid_ctg_b2") (file "c:\servers\eurotokyo\NeotokyoSource\addons\sourcemod\logs\errors_20250318.log")
L 03/18/2025 - 01:07:51: [SM] Failed to load plugin "nt_flashbang.smx": Unable to load plugin (unsupported feature set; code is too new).
L 03/18/2025 - 01:44:00: Error log file session closed.
L 03/18/2025 - 01:44:00: SourceMod error session started
L 03/18/2025 - 01:44:00: Info (map "nt_tetsu_ctg_b6f") (file "c:\servers\eurotokyo\NeotokyoSource\addons\sourcemod\logs\errors_20250318.log")
L 03/18/2025 - 01:44:00: [SM] Failed to load plugin "nt_flashbang.smx": Unable to load plugin (unsupported feature set; code is too new).
L 03/18/2025 - 02:12:13: Error log file session closed.
L 03/18/2025 - 02:12:13: SourceMod error session started
L 03/18/2025 - 02:12:13: Info (map "nt_veil_ctg_a4f") (file "c:\servers\eurotokyo\NeotokyoSource\addons\sourcemod\logs\errors_20250318.log")
L 03/18/2025 - 02:12:13: [SM] Failed to load plugin "nt_flashbang.smx": Unable to load plugin (unsupported feature set; code is too new).
L 03/18/2025 - 02:13:56: Error log file session closed.
L 03/18/2025 - 02:13:56: SourceMod error session started
L 03/18/2025 - 02:13:56: Info (map "nt_uptown_ctg_rc1_comp") (file "c:\servers\eurotokyo\NeotokyoSource\addons\sourcemod\logs\errors_20250318.log")
L 03/18/2025 - 02:13:56: [SM] Failed to load plugin "nt_flashbang.smx": Unable to load plugin (unsupported feature set; code is too new).
L 03/18/2025 - 02:18:18: Error log file session closed.
L 03/18/2025 - 02:18:18: SourceMod error session started
L 03/18/2025 - 02:18:18: Info (map "nt_sprint_bhop_b2") (file "c:\servers\eurotokyo\NeotokyoSource\addons\sourcemod\logs\errors_20250318.log")
L 03/18/2025 - 02:18:18: [SM] Failed to load plugin "nt_flashbang.smx": Unable to load plugin (unsupported feature set; code is too new).
L 03/18/2025 - 02:28:38: Error log file session closed.
L 03/18/2025 - 02:28:38: SourceMod error session started
L 03/18/2025 - 02:28:38: Info (map "nt_engage_ctg") (file "c:\servers\eurotokyo\NeotokyoSource\addons\sourcemod\logs\errors_20250318.log")
L 03/18/2025 - 02:28:38: [SM] Failed to load plugin "nt_flashbang.smx": Unable to load plugin (unsupported feature set; code is too new).
L 03/18/2025 - 02:53:18: Console detour tried to unhook command "sm_dump_handles" but it wasn't found
L 03/18/2025 - 02:53:18: Console detour tried to unhook command "sm" but it wasn't found
L 03/18/2025 - 02:53:18: Console detour tried to unhook command "sm_dump_admcache" but it wasn't found
L 03/18/2025 - 02:53:18: Console detour tried to unhook command "sm_reload_databases" but it wasn't found
L 03/18/2025 - 02:53:18: Console detour tried to unhook command "sm_reload_translations" but it wasn't found
L 03/18/2025 - 02:53:18: Error log file session closed.
L 03/18/2025 - 02:53:24: SourceMod error session started
L 03/18/2025 - 02:53:24: Info (map "nt_dawn_ctg") (file "c:\servers\eurotokyo\NeotokyoSource\addons\sourcemod\logs\errors_20250318.log")
L 03/18/2025 - 02:53:24: [SM] Failed to load plugin "nt_flashbang.smx": Unable to load plugin (unsupported feature set; code is too new).
L 03/18/2025 - 03:54:54: Error log file session closed.
L 03/18/2025 - 03:54:54: SourceMod error session started
L 03/18/2025 - 03:54:54: Info (map "nt_ttk_a1") (file "c:\servers\eurotokyo\NeotokyoSource\addons\sourcemod\logs\errors_20250318.log")
L 03/18/2025 - 03:54:54: [SM] Failed to load plugin "nt_flashbang.smx": Unable to load plugin (unsupported feature set; code is too new).
L 03/18/2025 - 05:07:13: Console detour tried to unhook command "sm_dump_handles" but it wasn't found
L 03/18/2025 - 05:07:13: Console detour tried to unhook command "sm" but it wasn't found
L 03/18/2025 - 05:07:13: Console detour tried to unhook command "sm_dump_admcache" but it wasn't found
L 03/18/2025 - 05:07:13: Console detour tried to unhook command "sm_reload_databases" but it wasn't found
L 03/18/2025 - 05:07:13: Console detour tried to unhook command "sm_reload_translations" but it wasn't found
L 03/18/2025 - 05:07:13: Error log file session closed.
L 03/18/2025 - 05:07:19: SourceMod error session started
L 03/18/2025 - 05:07:19: Info (map "nt_dawn_ctg") (file "c:\servers\eurotokyo\NeotokyoSource\addons\sourcemod\logs\errors_20250318.log")
L 03/18/2025 - 05:07:19: [SM] Failed to load plugin "nt_flashbang.smx": Unable to load plugin (unsupported feature set; code is too new).
L 03/18/2025 - 14:00:03: SourceMod error session started
L 03/18/2025 - 14:00:03: Info (map "nt_dawn_ctg") (file "c:\servers\eurotokyo\NeotokyoSource\addons\sourcemod\logs\errors_20250318.log")
L 03/18/2025 - 14:00:03: [SM] Failed to load plugin "nt_flashbang.smx": Unable to load plugin (unsupported feature set; code is too new).
L 03/18/2025 - 22:44:29: [SM] Exception reported: Client 4 is not in game
L 03/18/2025 - 22:44:29: [SM] Blaming: nt_comp_xp_printer.smx
L 03/18/2025 - 22:44:29: [SM] Call stack trace:
L 03/18/2025 - 22:44:29: [SM]   [0] GetClientFrags
L 03/18/2025 - 22:44:29: [SM]   [1] Line 139, M:\Server Files\scripting\include\neotokyo.inc::GetPlayerXP
L 03/18/2025 - 22:44:29: [SM]   [2] Line 18, nt_comp_xp_printer.sp::OnClientDisconnect
L 03/18/2025 - 22:44:29: [SM] Exception reported: Entity -1 (-1) is invalid
L 03/18/2025 - 22:44:29: [SM] Blaming: nt_anti_ghosthop.smx
L 03/18/2025 - 22:44:29: [SM] Call stack trace:
L 03/18/2025 - 22:44:29: [SM]   [0] GetEntPropString
L 03/18/2025 - 22:44:29: [SM]   [1] Line 768, entity::GetEntityClassname
L 03/18/2025 - 22:44:29: [SM]   [2] Line 225, nt_anti_ghosthop.sp::IsGhost
L 03/18/2025 - 22:44:29: [SM]   [3] Line 234, nt_anti_ghosthop.sp::OnEntityDestroyed
L 03/18/2025 - 22:44:30: Console detour tried to unhook command "sm_dump_handles" but it wasn't found
L 03/18/2025 - 22:44:30: Console detour tried to unhook command "sm" but it wasn't found
L 03/18/2025 - 22:44:30: Console detour tried to unhook command "sm_dump_admcache" but it wasn't found
L 03/18/2025 - 22:44:30: Console detour tried to unhook command "sm_reload_databases" but it wasn't found
L 03/18/2025 - 22:44:30: Console detour tried to unhook command "sm_reload_translations" but it wasn't found
L 03/18/2025 - 22:44:30: Error log file session closed.
L 03/18/2025 - 22:51:21: SourceMod error session started
L 03/18/2025 - 22:51:21: Info (map "nt_dawn_ctg") (file "c:\servers\eurotokyo\NeotokyoSource\addons\sourcemod\logs\errors_20250318.log")
L 03/18/2025 - 22:51:21: [SM] Exception reported: Client 9 is not in game
L 03/18/2025 - 22:51:21: [SM] Blaming: nt_comp_xp_printer.smx
L 03/18/2025 - 22:51:21: [SM] Call stack trace:
L 03/18/2025 - 22:51:21: [SM]   [0] GetClientFrags
L 03/18/2025 - 22:51:21: [SM]   [1] Line 139, M:\Server Files\scripting\include\neotokyo.inc::GetPlayerXP
L 03/18/2025 - 22:51:21: [SM]   [2] Line 18, nt_comp_xp_printer.sp::OnClientDisconnect
L 03/18/2025 - 22:51:21: [SM] Exception reported: Entity -1 (-1) is invalid
L 03/18/2025 - 22:51:21: [SM] Blaming: nt_anti_ghosthop.smx
L 03/18/2025 - 22:51:21: [SM] Call stack trace:
L 03/18/2025 - 22:51:21: [SM]   [0] GetEntPropString
L 03/18/2025 - 22:51:21: [SM]   [1] Line 768, entity::GetEntityClassname
L 03/18/2025 - 22:51:21: [SM]   [2] Line 225, nt_anti_ghosthop.sp::IsGhost
L 03/18/2025 - 22:51:21: [SM]   [3] Line 234, nt_anti_ghosthop.sp::OnEntityDestroyed
L 03/18/2025 - 22:51:21: Error log file session closed.
L 03/18/2025 - 23:26:48: SourceMod error session started
L 03/18/2025 - 23:26:48: Info (map "nt_rogue_ctg_b4") (file "c:\servers\eurotokyo\NeotokyoSource\addons\sourcemod\logs\errors_20250318.log")
L 03/18/2025 - 23:26:48: [SM] Exception reported: Client 9 is not in game
L 03/18/2025 - 23:26:48: [SM] Blaming: nt_comp_xp_printer.smx
L 03/18/2025 - 23:26:48: [SM] Call stack trace:
L 03/18/2025 - 23:26:48: [SM]   [0] GetClientFrags
L 03/18/2025 - 23:26:48: [SM]   [1] Line 139, M:\Server Files\scripting\include\neotokyo.inc::GetPlayerXP
L 03/18/2025 - 23:26:48: [SM]   [2] Line 18, nt_comp_xp_printer.sp::OnClientDisconnect
L 03/18/2025 - 23:26:48: [SM] Exception reported: Entity -1 (-1) is invalid
L 03/18/2025 - 23:26:48: [SM] Blaming: nt_anti_ghosthop.smx
L 03/18/2025 - 23:26:48: [SM] Call stack trace:
L 03/18/2025 - 23:26:48: [SM]   [0] GetEntPropString
L 03/18/2025 - 23:26:48: [SM]   [1] Line 768, entity::GetEntityClassname
L 03/18/2025 - 23:26:48: [SM]   [2] Line 225, nt_anti_ghosthop.sp::IsGhost
L 03/18/2025 - 23:26:48: [SM]   [3] Line 234, nt_anti_ghosthop.sp::OnEntityDestroyed
L 03/18/2025 - 23:26:48: Error log file session closed.
