L 03/29/2025 - 02:07:31: SourceMod error session started
L 03/29/2025 - 02:07:31: Info (map "nt_culvert_ctg_b4") (file "c:\servers\eurotokyo\NeotokyoSource\addons\sourcemod\logs\errors_20250329.log")
L 03/29/2025 - 02:07:31: [SM] Exception reported: Client 1 is not in game
L 03/29/2025 - 02:07:31: [SM] Blaming: nt_comp_xp_printer.smx
L 03/29/2025 - 02:07:31: [SM] Call stack trace:
L 03/29/2025 - 02:07:31: [SM]   [0] GetClientFrags
L 03/29/2025 - 02:07:31: [SM]   [1] Line 139, M:\Server Files\scripting\include\neotokyo.inc::GetPlayerXP
L 03/29/2025 - 02:07:31: [SM]   [2] Line 18, nt_comp_xp_printer.sp::OnClientDisconnect
L 03/29/2025 - 02:07:31: [SM] Exception reported: Entity -1 (-1) is invalid
L 03/29/2025 - 02:07:31: [SM] Blaming: nt_anti_ghosthop.smx
L 03/29/2025 - 02:07:31: [SM] Call stack trace:
L 03/29/2025 - 02:07:31: [SM]   [0] GetEntPropString
L 03/29/2025 - 02:07:31: [SM]   [1] Line 768, entity::GetEntityClassname
L 03/29/2025 - 02:07:31: [SM]   [2] Line 225, nt_anti_ghosthop.sp::IsGhost
L 03/29/2025 - 02:07:31: [SM]   [3] Line 234, nt_anti_ghosthop.sp::OnEntityDestroyed
L 03/29/2025 - 02:07:31: [SM] Exception reported: Client 3 is not in game
L 03/29/2025 - 02:07:31: [SM] Blaming: nt_comp_xp_printer.smx
L 03/29/2025 - 02:07:31: [SM] Call stack trace:
L 03/29/2025 - 02:07:31: [SM]   [0] GetClientFrags
L 03/29/2025 - 02:07:31: [SM]   [1] Line 139, M:\Server Files\scripting\include\neotokyo.inc::GetPlayerXP
L 03/29/2025 - 02:07:31: [SM]   [2] Line 18, nt_comp_xp_printer.sp::OnClientDisconnect
L 03/29/2025 - 02:07:31: [SM] Exception reported: Entity -1 (-1) is invalid
L 03/29/2025 - 02:07:31: [SM] Blaming: nt_anti_ghosthop.smx
L 03/29/2025 - 02:07:31: [SM] Call stack trace:
L 03/29/2025 - 02:07:31: [SM]   [0] GetEntPropString
L 03/29/2025 - 02:07:31: [SM]   [1] Line 768, entity::GetEntityClassname
L 03/29/2025 - 02:07:31: [SM]   [2] Line 225, nt_anti_ghosthop.sp::IsGhost
L 03/29/2025 - 02:07:31: [SM]   [3] Line 234, nt_anti_ghosthop.sp::OnEntityDestroyed
L 03/29/2025 - 02:07:31: Console detour tried to unhook command "sm_dump_handles" but it wasn't found
L 03/29/2025 - 02:07:31: Console detour tried to unhook command "sm" but it wasn't found
L 03/29/2025 - 02:07:31: Console detour tried to unhook command "sm_dump_admcache" but it wasn't found
L 03/29/2025 - 02:07:31: Console detour tried to unhook command "sm_reload_databases" but it wasn't found
L 03/29/2025 - 02:07:31: Console detour tried to unhook command "sm_reload_translations" but it wasn't found
L 03/29/2025 - 02:07:31: Error log file session closed.
L 03/29/2025 - 02:14:52: SourceMod error session started
L 03/29/2025 - 02:14:52: Info (map "nt_fleshworld_redux_ctg_b2") (file "c:\servers\eurotokyo\NeotokyoSource\addons\sourcemod\logs\errors_20250329.log")
L 03/29/2025 - 02:14:52: [SM] Exception reported: Client 10 is not in game
L 03/29/2025 - 02:14:52: [SM] Blaming: nt_comp_xp_printer.smx
L 03/29/2025 - 02:14:52: [SM] Call stack trace:
L 03/29/2025 - 02:14:52: [SM]   [0] GetClientFrags
L 03/29/2025 - 02:14:52: [SM]   [1] Line 139, M:\Server Files\scripting\include\neotokyo.inc::GetPlayerXP
L 03/29/2025 - 02:14:52: [SM]   [2] Line 18, nt_comp_xp_printer.sp::OnClientDisconnect
L 03/29/2025 - 02:14:52: [SM] Exception reported: Entity -1 (-1) is invalid
L 03/29/2025 - 02:14:52: [SM] Blaming: nt_anti_ghosthop.smx
L 03/29/2025 - 02:14:52: [SM] Call stack trace:
L 03/29/2025 - 02:14:52: [SM]   [0] GetEntPropString
L 03/29/2025 - 02:14:52: [SM]   [1] Line 768, entity::GetEntityClassname
L 03/29/2025 - 02:14:52: [SM]   [2] Line 225, nt_anti_ghosthop.sp::IsGhost
L 03/29/2025 - 02:14:52: [SM]   [3] Line 234, nt_anti_ghosthop.sp::OnEntityDestroyed
L 03/29/2025 - 02:14:52: [SM] Exception reported: Client 11 is not in game
L 03/29/2025 - 02:14:52: [SM] Blaming: nt_comp_xp_printer.smx
L 03/29/2025 - 02:14:52: [SM] Call stack trace:
L 03/29/2025 - 02:14:52: [SM]   [0] GetClientFrags
L 03/29/2025 - 02:14:52: [SM]   [1] Line 139, M:\Server Files\scripting\include\neotokyo.inc::GetPlayerXP
L 03/29/2025 - 02:14:52: [SM]   [2] Line 18, nt_comp_xp_printer.sp::OnClientDisconnect
L 03/29/2025 - 02:14:52: [SM] Exception reported: Entity -1 (-1) is invalid
L 03/29/2025 - 02:14:52: [SM] Blaming: nt_anti_ghosthop.smx
L 03/29/2025 - 02:14:52: [SM] Call stack trace:
L 03/29/2025 - 02:14:52: [SM]   [0] GetEntPropString
L 03/29/2025 - 02:14:52: [SM]   [1] Line 768, entity::GetEntityClassname
L 03/29/2025 - 02:14:52: [SM]   [2] Line 225, nt_anti_ghosthop.sp::IsGhost
L 03/29/2025 - 02:14:52: [SM]   [3] Line 234, nt_anti_ghosthop.sp::OnEntityDestroyed
L 03/29/2025 - 02:14:52: Error log file session closed.
L 03/29/2025 - 02:32:59: SourceMod error session started
L 03/29/2025 - 02:32:59: Info (map "nt_tetsu_ctg_b6f") (file "c:\servers\eurotokyo\NeotokyoSource\addons\sourcemod\logs\errors_20250329.log")
L 03/29/2025 - 02:32:59: [SM] Exception reported: Client 6 is not connected
L 03/29/2025 - 02:32:59: [SM] Blaming: 123.smx
L 03/29/2025 - 02:32:59: [SM] Call stack trace:
L 03/29/2025 - 02:32:59: [SM]   [0] IsFakeClient
L 03/29/2025 - 02:32:59: [SM]   [1] Line 474, M:\Server Files\scripting\123.sp::OnClientDisconnect_Post
L 03/29/2025 - 02:38:41: [SM] Exception reported: Client 2 is not connected
L 03/29/2025 - 02:38:41: [SM] Blaming: 123.smx
L 03/29/2025 - 02:38:41: [SM] Call stack trace:
L 03/29/2025 - 02:38:41: [SM]   [0] IsFakeClient
L 03/29/2025 - 02:38:41: [SM]   [1] Line 474, M:\Server Files\scripting\123.sp::OnClientDisconnect_Post
L 03/29/2025 - 02:38:47: [SM] Exception reported: Client 10 is not connected
L 03/29/2025 - 02:38:47: [SM] Blaming: 123.smx
L 03/29/2025 - 02:38:47: [SM] Call stack trace:
L 03/29/2025 - 02:38:47: [SM]   [0] IsFakeClient
L 03/29/2025 - 02:38:47: [SM]   [1] Line 474, M:\Server Files\scripting\123.sp::OnClientDisconnect_Post
L 03/29/2025 - 05:27:47: [websocket.smx] Can't find the Key in the http protocol upgrade request.
L 03/29/2025 - 21:41:55: SourceMod error session started
L 03/29/2025 - 21:41:55: Info (map "nt_dawn_ctg") (file "c:\servers\eurotokyo\NeotokyoSource\addons\sourcemod\logs\errors_20250329.log")
L 03/29/2025 - 21:41:55: [SM] Exception reported: Client 7 is not in game
L 03/29/2025 - 21:41:55: [SM] Blaming: nt_comp_xp_printer.smx
L 03/29/2025 - 21:41:55: [SM] Call stack trace:
L 03/29/2025 - 21:41:55: [SM]   [0] GetClientFrags
L 03/29/2025 - 21:41:55: [SM]   [1] Line 139, M:\Server Files\scripting\include\neotokyo.inc::GetPlayerXP
L 03/29/2025 - 21:41:55: [SM]   [2] Line 18, nt_comp_xp_printer.sp::OnClientDisconnect
L 03/29/2025 - 21:41:55: [SM] Exception reported: Entity -1 (-1) is invalid
L 03/29/2025 - 21:41:55: [SM] Blaming: nt_anti_ghosthop.smx
L 03/29/2025 - 21:41:55: [SM] Call stack trace:
L 03/29/2025 - 21:41:55: [SM]   [0] GetEntPropString
L 03/29/2025 - 21:41:55: [SM]   [1] Line 768, entity::GetEntityClassname
L 03/29/2025 - 21:41:55: [SM]   [2] Line 225, nt_anti_ghosthop.sp::IsGhost
L 03/29/2025 - 21:41:55: [SM]   [3] Line 234, nt_anti_ghosthop.sp::OnEntityDestroyed
L 03/29/2025 - 21:41:55: Error log file session closed.
L 03/29/2025 - 22:04:53: SourceMod error session started
L 03/29/2025 - 22:04:53: Info (map "nt_rogue_ctg_b4") (file "c:\servers\eurotokyo\NeotokyoSource\addons\sourcemod\logs\errors_20250329.log")
L 03/29/2025 - 22:04:53: [SM] Exception reported: Client 5 is not connected
L 03/29/2025 - 22:04:53: [SM] Blaming: 123.smx
L 03/29/2025 - 22:04:53: [SM] Call stack trace:
L 03/29/2025 - 22:04:53: [SM]   [0] IsFakeClient
L 03/29/2025 - 22:04:53: [SM]   [1] Line 474, M:\Server Files\scripting\123.sp::OnClientDisconnect_Post
L 03/29/2025 - 22:06:17: [SM] Exception reported: Client 3 is not connected
L 03/29/2025 - 22:06:17: [SM] Blaming: 123.smx
L 03/29/2025 - 22:06:17: [SM] Call stack trace:
L 03/29/2025 - 22:06:17: [SM]   [0] IsFakeClient
L 03/29/2025 - 22:06:17: [SM]   [1] Line 474, M:\Server Files\scripting\123.sp::OnClientDisconnect_Post
L 03/29/2025 - 22:22:43: Error log file session closed.
L 03/29/2025 - 22:34:20: SourceMod error session started
L 03/29/2025 - 22:34:20: Info (map "nt_snowfall_ctg_b12") (file "c:\servers\eurotokyo\NeotokyoSource\addons\sourcemod\logs\errors_20250329.log")
L 03/29/2025 - 22:34:20: [SM] Exception reported: Client 1 is not connected
L 03/29/2025 - 22:34:20: [SM] Blaming: 123.smx
L 03/29/2025 - 22:34:20: [SM] Call stack trace:
L 03/29/2025 - 22:34:20: [SM]   [0] IsFakeClient
L 03/29/2025 - 22:34:20: [SM]   [1] Line 477, M:\Server Files\scripting\123.sp::OnClientDisconnect_Post
L 03/29/2025 - 22:35:45: [SM] Exception reported: Client 4 is not connected
L 03/29/2025 - 22:35:45: [SM] Blaming: 123.smx
L 03/29/2025 - 22:35:45: [SM] Call stack trace:
L 03/29/2025 - 22:35:45: [SM]   [0] IsFakeClient
L 03/29/2025 - 22:35:45: [SM]   [1] Line 477, M:\Server Files\scripting\123.sp::OnClientDisconnect_Post
L 03/29/2025 - 23:01:39: Error log file session closed.
L 03/29/2025 - 23:02:05: SourceMod error session started
L 03/29/2025 - 23:02:05: Info (map "nt_ballistremade_ctg_a16") (file "c:\servers\eurotokyo\NeotokyoSource\addons\sourcemod\logs\errors_20250329.log")
L 03/29/2025 - 23:02:05: [SM] Exception reported: Client 7 is not in game
L 03/29/2025 - 23:02:05: [SM] Blaming: nt_comp_xp_printer.smx
L 03/29/2025 - 23:02:05: [SM] Call stack trace:
L 03/29/2025 - 23:02:05: [SM]   [0] GetClientFrags
L 03/29/2025 - 23:02:05: [SM]   [1] Line 139, M:\Server Files\scripting\include\neotokyo.inc::GetPlayerXP
L 03/29/2025 - 23:02:05: [SM]   [2] Line 18, nt_comp_xp_printer.sp::OnClientDisconnect
L 03/29/2025 - 23:02:05: [SM] Exception reported: Entity -1 (-1) is invalid
L 03/29/2025 - 23:02:05: [SM] Blaming: nt_anti_ghosthop.smx
L 03/29/2025 - 23:02:05: [SM] Call stack trace:
L 03/29/2025 - 23:02:05: [SM]   [0] GetEntPropString
L 03/29/2025 - 23:02:05: [SM]   [1] Line 768, entity::GetEntityClassname
L 03/29/2025 - 23:02:05: [SM]   [2] Line 225, nt_anti_ghosthop.sp::IsGhost
L 03/29/2025 - 23:02:05: [SM]   [3] Line 234, nt_anti_ghosthop.sp::OnEntityDestroyed
L 03/29/2025 - 23:02:05: [SM] Exception reported: Client 11 is not in game
L 03/29/2025 - 23:02:05: [SM] Blaming: nt_comp_xp_printer.smx
L 03/29/2025 - 23:02:05: [SM] Call stack trace:
L 03/29/2025 - 23:02:05: [SM]   [0] GetClientFrags
L 03/29/2025 - 23:02:05: [SM]   [1] Line 139, M:\Server Files\scripting\include\neotokyo.inc::GetPlayerXP
L 03/29/2025 - 23:02:05: [SM]   [2] Line 18, nt_comp_xp_printer.sp::OnClientDisconnect
L 03/29/2025 - 23:02:05: [SM] Exception reported: Entity -1 (-1) is invalid
L 03/29/2025 - 23:02:05: [SM] Blaming: nt_anti_ghosthop.smx
L 03/29/2025 - 23:02:05: [SM] Call stack trace:
L 03/29/2025 - 23:02:05: [SM]   [0] GetEntPropString
L 03/29/2025 - 23:02:05: [SM]   [1] Line 768, entity::GetEntityClassname
L 03/29/2025 - 23:02:05: [SM]   [2] Line 225, nt_anti_ghosthop.sp::IsGhost
L 03/29/2025 - 23:02:05: [SM]   [3] Line 234, nt_anti_ghosthop.sp::OnEntityDestroyed
L 03/29/2025 - 23:02:05: Error log file session closed.
L 03/29/2025 - 23:16:58: SourceMod error session started
L 03/29/2025 - 23:16:58: Info (map "nt_ballistremade_ctg_a20") (file "c:\servers\eurotokyo\NeotokyoSource\addons\sourcemod\logs\errors_20250329.log")
L 03/29/2025 - 23:16:58: [SM] Exception reported: Client 4 is not connected
L 03/29/2025 - 23:16:58: [SM] Blaming: 123.smx
L 03/29/2025 - 23:16:58: [SM] Call stack trace:
L 03/29/2025 - 23:16:58: [SM]   [0] IsFakeClient
L 03/29/2025 - 23:16:58: [SM]   [1] Line 477, M:\Server Files\scripting\123.sp::OnClientDisconnect_Post
L 03/29/2025 - 23:28:27: [SM] Exception reported: Client 5 is not connected
L 03/29/2025 - 23:28:27: [SM] Blaming: 123.smx
L 03/29/2025 - 23:28:27: [SM] Call stack trace:
L 03/29/2025 - 23:28:27: [SM]   [0] IsFakeClient
L 03/29/2025 - 23:28:27: [SM]   [1] Line 477, M:\Server Files\scripting\123.sp::OnClientDisconnect_Post
L 03/29/2025 - 23:32:07: [SM] Exception reported: Client 5 is not connected
L 03/29/2025 - 23:32:07: [SM] Blaming: 123.smx
L 03/29/2025 - 23:32:07: [SM] Call stack trace:
L 03/29/2025 - 23:32:07: [SM]   [0] IsFakeClient
L 03/29/2025 - 23:32:07: [SM]   [1] Line 477, M:\Server Files\scripting\123.sp::OnClientDisconnect_Post
L 03/30/2025 - 03:59:41: Error log file session closed.
