L 03/04/2025 - 21:34:01: SourceMod log file session started (file "c:\servers\eurotokyo\NeotokyoSource\addons\sourcemod\logs\L20250304.log") (Version "1.11.0.6939")
L 03/04/2025 - 21:34:01: [nt_mapchooser_new.smx] Starting map vote because outside request
L 03/04/2025 - 21:34:01: [nt_mapchooser_new.smx] Voting for next map has started.
L 03/04/2025 - 21:34:34: [nt_mapchooser_new.smx] Voting for next map has finished. Nextmap: nt_tetsu_ctg_b6f.
L 03/04/2025 - 21:34:36: [SM] Changed map to "nt_tetsu_ctg_b6f"
L 03/04/2025 - 21:34:37: -------- Mapchange to nt_tetsu_ctg_b6f --------
L 03/04/2025 - 21:43:59: [basecommands.smx] "bauxite<20><STEAM_0:0:5757747><>" changed cvar (cvar "mp_forcecamera") (value "0")
L 03/04/2025 - 22:15:22: [nt_mapchooser_new.smx] Starting map vote because outside request
L 03/04/2025 - 22:15:22: [nt_mapchooser_new.smx] Voting for next map has started.
L 03/04/2025 - 22:15:56: [nt_mapchooser_new.smx] Voting for next map has finished. Nextmap: nt_grid_ctg_b2.
L 03/04/2025 - 22:15:58: [SM] Changed map to "nt_grid_ctg_b2"
L 03/04/2025 - 22:15:58: -------- Mapchange to nt_grid_ctg_b2 --------
L 03/04/2025 - 22:25:21: [basecommands.smx] "Door<19><STEAM_0:0:19204218><>" changed cvar (cvar "mp_forcecamera") (value "0")
L 03/04/2025 - 23:08:55: [nt_mapchooser_new.smx] Starting map vote because outside request
L 03/04/2025 - 23:08:55: [nt_mapchooser_new.smx] Voting for next map has started.
L 03/04/2025 - 23:09:29: [nt_mapchooser_new.smx] Voting for next map has finished. Nextmap: nt_fleshworld_ctg_b2f.
L 03/04/2025 - 23:09:31: [SM] Changed map to "nt_fleshworld_ctg_b2f"
L 03/04/2025 - 23:09:31: -------- Mapchange to nt_fleshworld_ctg_b2f --------
L 03/04/2025 - 23:19:45: [basecommands.smx] "Door<33><STEAM_0:0:19204218><>" changed cvar (cvar "mp_forcecamera") (value "0")
L 03/04/2025 - 23:43:42: [nt_mapchooser_new.smx] Starting map vote because outside request
L 03/04/2025 - 23:43:42: [nt_mapchooser_new.smx] Voting for next map has started.
L 03/04/2025 - 23:44:15: [nt_mapchooser_new.smx] Voting for next map has finished. Nextmap: nt_ballistremade_ctg_a16.
L 03/04/2025 - 23:44:17: [SM] Changed map to "nt_ballistremade_ctg_a16"
L 03/04/2025 - 23:44:19: -------- Mapchange to nt_ballistremade_ctg_a16 --------
L 03/04/2025 - 23:45:22: [basecommands.smx] "Door<33><STEAM_0:0:19204218><>" changed map to "nt_ballistremade_ctg_a20"
L 03/04/2025 - 23:45:25: [SM] Changed map to "nt_ballistremade_ctg_a20"
L 03/04/2025 - 23:45:25: -------- Mapchange to nt_ballistremade_ctg_a20 --------
L 03/04/2025 - 23:53:26: [basecommands.smx] "Door<33><STEAM_0:0:19204218><>" changed cvar (cvar "mp_forcecamera") (value "0")
L 03/05/2025 - 00:20:31: Log file closed.
