L 03/10/2025 - 00:26:44: SourceMod log file session started (file "c:\servers\eurotokyo\NeotokyoSource\addons\sourcemod\logs\L20250310.log") (Version "1.11.0.6939")
L 03/10/2025 - 00:26:44: [nt_mapchooser_new.smx] Starting map vote because outside request
L 03/10/2025 - 00:26:44: [nt_mapchooser_new.smx] Voting for next map has started.
L 03/10/2025 - 00:27:17: [nt_mapchooser_new.smx] Voting for next map has finished. Nextmap: nt_tetsu_ctg_b6f.
L 03/10/2025 - 00:27:19: [SM] Changed map to "nt_tetsu_ctg_b6f"
L 03/10/2025 - 00:27:20: -------- Mapchange to nt_tetsu_ctg_b6f --------
L 03/10/2025 - 00:37:31: [basecommands.smx] "Door<21><STEAM_0:0:19204218><>" changed cvar (cvar "mp_forcecamera") (value "0")
L 03/10/2025 - 01:00:25: [nt_mapchooser_new.smx] Starting map vote because outside request
L 03/10/2025 - 01:00:25: [nt_mapchooser_new.smx] Voting for next map has started.
L 03/10/2025 - 01:00:59: [nt_mapchooser_new.smx] Voting for next map has finished. Nextmap: nt_rise_ctg_dennov3.
L 03/10/2025 - 01:01:01: [SM] Changed map to "nt_rise_ctg_dennov3"
L 03/10/2025 - 01:01:02: -------- Mapchange to nt_rise_ctg_dennov3 --------
L 03/10/2025 - 01:11:45: [basecommands.smx] "Door<21><STEAM_0:0:19204218><>" changed cvar (cvar "mp_forcecamera") (value "0")
L 03/10/2025 - 01:33:32: [nt_mapchooser_new.smx] Starting map vote because outside request
L 03/10/2025 - 01:33:32: [nt_mapchooser_new.smx] Voting for next map has started.
L 03/10/2025 - 01:34:06: [nt_mapchooser_new.smx] Voting for next map has finished. Nextmap: nt_hebi_ctg_a3.
L 03/10/2025 - 01:34:08: [SM] Changed map to "nt_hebi_ctg_a3"
L 03/10/2025 - 01:34:09: -------- Mapchange to nt_hebi_ctg_a3 --------
L 03/10/2025 - 01:34:26: [basecommands.smx] "Door<21><STEAM_0:0:19204218><>" changed map to "nt_hebi_ctg_a4fix"
L 03/10/2025 - 01:34:29: [SM] Changed map to "nt_hebi_ctg_a4fix"
L 03/10/2025 - 01:34:30: -------- Mapchange to nt_hebi_ctg_a4fix --------
L 03/10/2025 - 01:52:17: [nt_mapchooser_new.smx] Starting map vote because outside request
L 03/10/2025 - 01:52:17: [nt_mapchooser_new.smx] Voting for next map has started.
L 03/10/2025 - 01:52:50: [nt_mapchooser_new.smx] Voting for next map has finished. Nextmap: nt_oliostain_ctg_b3f5.
L 03/10/2025 - 01:52:52: [SM] Changed map to "nt_oliostain_ctg_b3f5"
L 03/10/2025 - 01:52:53: -------- Mapchange to nt_oliostain_ctg_b3f5 --------
L 03/10/2025 - 02:02:44: [basecommands.smx] "Door<21><STEAM_0:0:19204218><>" changed cvar (cvar "mp_forcecamera") (value "0")
L 03/10/2025 - 02:27:35: [nt_mapchooser_new.smx] Starting map vote because outside request
L 03/10/2025 - 02:27:35: [nt_mapchooser_new.smx] Voting for next map has started.
L 03/10/2025 - 02:27:52: [nt_mapchooser_new.smx] Voting for next map has finished. Nextmap: nt_envoy_ctg.
L 03/10/2025 - 02:27:54: [SM] Changed map to "nt_envoy_ctg"
L 03/10/2025 - 02:27:54: -------- Mapchange to nt_envoy_ctg --------
L 03/10/2025 - 02:35:01: [nt_mapchooser_new.smx] Starting map vote because outside request
L 03/10/2025 - 02:35:01: [nt_mapchooser_new.smx] Voting for next map has started.
L 03/10/2025 - 02:35:31: [nt_mapchooser_new.smx] Voting for next map has finished. Nextmap: nt_saitama_redux_ctg_a14_c.
L 03/10/2025 - 02:35:33: [SM] Changed map to "nt_saitama_redux_ctg_a14_c"
L 03/10/2025 - 02:35:35: -------- Mapchange to nt_saitama_redux_ctg_a14_c --------
L 03/10/2025 - 02:39:19: [basecommands.smx] "Door<21><STEAM_0:0:19204218><>" changed cvar (cvar "mp_forcecamera") (value "0")
L 03/10/2025 - 02:54:49: [nt_mapchooser_new.smx] Starting map vote because outside request
L 03/10/2025 - 02:54:49: [nt_mapchooser_new.smx] Voting for next map has started.
L 03/10/2025 - 23:32:09: SourceMod log file session started (file "c:\servers\eurotokyo\NeotokyoSource\addons\sourcemod\logs\L20250310.log") (Version "1.11.0.6939")
L 03/10/2025 - 23:32:09: [nt_mapchooser_new.smx] Starting map vote because outside request
L 03/10/2025 - 23:32:09: [nt_mapchooser_new.smx] Voting for next map has started.
L 03/10/2025 - 23:32:42: [nt_mapchooser_new.smx] Voting for next map has finished. Nextmap: nt_hebi_ctg_a3.
L 03/10/2025 - 23:32:44: [SM] Changed map to "nt_hebi_ctg_a3"
L 03/10/2025 - 23:32:44: -------- Mapchange to nt_hebi_ctg_a3 --------
L 03/10/2025 - 23:33:00: [basecommands.smx] "Door<2><STEAM_0:0:19204218><>" changed map to "nt_hebi_ctg_a4fix"
L 03/10/2025 - 23:33:03: [SM] Changed map to "nt_hebi_ctg_a4fix"
L 03/10/2025 - 23:33:03: -------- Mapchange to nt_hebi_ctg_a4fix --------
L 03/10/2025 - 23:44:16: [basecommands.smx] "Door<2><STEAM_0:0:19204218><>" changed cvar (cvar "mp_forcecamera") (value "0")
L 03/11/2025 - 00:16:13: Log file closed.
