L 03/20/2025 - 00:36:05: SourceMod log file session started (file "c:\servers\eurotokyo\NeotokyoSource\addons\sourcemod\logs\L20250320.log") (Version "1.11.0.6939")
L 03/20/2025 - 00:36:05: [basecommands.smx] "[playing] Loose<2><STEAM_0:1:28848445><>" console command (cmdline "_restart")
L 03/20/2025 - 00:36:05: Log file closed.
L 03/20/2025 - 20:20:39: SourceMod log file session started (file "c:\servers\eurotokyo\NeotokyoSource\addons\sourcemod\logs\L20250320.log") (Version "1.11.0.6939")
L 03/20/2025 - 20:20:39: [nt_mapchooser_new.smx] Starting map vote because outside request
L 03/20/2025 - 20:20:39: [nt_mapchooser_new.smx] Voting for next map has started.
L 03/20/2025 - 20:21:12: [nt_mapchooser_new.smx] Voting for next map has finished. Nextmap: nt_tetsu_ctg_b6f.
L 03/20/2025 - 20:21:14: [SM] Changed map to "nt_tetsu_ctg_b6f"
L 03/20/2025 - 20:21:15: -------- Mapchange to nt_tetsu_ctg_b6f --------
L 03/20/2025 - 20:21:52: [funcommands.smx] "bauxite<8><STEAM_0:0:5757747><>" toggled noclip on "bauxite<8><STEAM_0:0:5757747><>"
L 03/20/2025 - 20:29:19: [basecommands.smx] "Door<3><STEAM_0:0:19204218><>" changed cvar (cvar "mp_forcecamera") (value "0")
L 03/20/2025 - 21:05:28: [nt_mapchooser_new.smx] Starting map vote because outside request
L 03/20/2025 - 21:05:28: [nt_mapchooser_new.smx] Voting for next map has started.
L 03/20/2025 - 21:06:01: [nt_mapchooser_new.smx] Voting for next map has finished. Nextmap: nt_ballistremade_ctg_a16.
L 03/20/2025 - 21:06:03: [SM] Changed map to "nt_ballistremade_ctg_a16"
L 03/20/2025 - 21:06:04: -------- Mapchange to nt_ballistremade_ctg_a16 --------
L 03/20/2025 - 21:23:43: [basecommands.smx] "[playing] Loose<12><STEAM_0:1:28848445><>" changed cvar (cvar "mp_forcecamera") (value "0")
L 03/20/2025 - 21:37:35: [nt_mapchooser_new.smx] Starting map vote because outside request
L 03/20/2025 - 21:37:35: [nt_mapchooser_new.smx] Voting for next map has started.
L 03/20/2025 - 21:38:09: [nt_mapchooser_new.smx] Voting for next map has finished. Nextmap: nt_rise_ctg_dennov3.
L 03/20/2025 - 21:38:11: [SM] Changed map to "nt_rise_ctg_dennov3"
L 03/20/2025 - 21:38:12: -------- Mapchange to nt_rise_ctg_dennov3 --------
L 03/20/2025 - 21:47:27: [basecommands.smx] "[playing] Loose<12><STEAM_0:1:28848445><>" changed cvar (cvar "mp_forcecamera") (value "0")
L 03/20/2025 - 22:48:53: [basecommands.smx] "bauxite<27><STEAM_0:0:5757747><>" changed map to "nt_rise_ctg"
L 03/20/2025 - 22:48:56: [SM] Changed map to "nt_rise_ctg"
L 03/20/2025 - 22:48:57: -------- Mapchange to nt_rise_ctg --------
L 03/21/2025 - 01:17:13: Log file closed.
